2019-11-20 10:33:22
Full thread dump Java HotSpot(TM) 64-Bit Server VM (25.201-b09 mixed mode):

"Attach Listener" #77 daemon prio=9 os_prio=0 tid=0x00007f5448001000 nid=0x38a53d waiting on condition [0x0000000000000000]
   java.lang.Thread.State: RUNNABLE

"Curator-SafeNotifyService-0" #76 daemon prio=5 os_prio=0 tid=0x00007f5404007800 nid=0x35b0e7 waiting on condition [0x00007f54f70f9000]
   java.lang.Thread.State: WAITING (parking)
	at sun.misc.Unsafe.park(Native Method)
	- parking to wait for  <0x000000054009ea80> (a java.util.concurrent.locks.AbstractQueuedSynchronizer$ConditionObject)
	at java.util.concurrent.locks.LockSupport.park(LockSupport.java:175)
	at java.util.concurrent.locks.AbstractQueuedSynchronizer$ConditionObject.await(AbstractQueuedSynchronizer.java:2039)
	at java.util.concurrent.LinkedBlockingQueue.take(LinkedBlockingQueue.java:442)
	at java.util.concurrent.ThreadPoolExecutor.getTask(ThreadPoolExecutor.java:1074)
	at java.util.concurrent.ThreadPoolExecutor.runWorker(ThreadPoolExecutor.java:1134)
	at java.util.concurrent.ThreadPoolExecutor$Worker.run(ThreadPoolExecutor.java:624)
	at java.lang.Thread.run(Thread.java:748)

"org.apache.hadoop.hdfs.PeerCache@44bf042f" #75 daemon prio=5 os_prio=0 tid=0x00007f53ec601800 nid=0x35a0dc waiting on condition [0x00007f54f6951000]
   java.lang.Thread.State: TIMED_WAITING (sleeping)
	at java.lang.Thread.sleep(Native Method)
	at org.apache.hadoop.hdfs.PeerCache.run(PeerCache.java:255)
	at org.apache.hadoop.hdfs.PeerCache.access$000(PeerCache.java:46)
	at org.apache.hadoop.hdfs.PeerCache$1.run(PeerCache.java:124)
	at java.lang.Thread.run(Thread.java:748)

"IPC Client (549342959) connection to sparknn2.test/10.124.213.21:8020 from hdfs" #74 daemon prio=5 os_prio=0 tid=0x00007f53e8291000 nid=0x35a07a in Object.wait() [0x00007f54f6a52000]
   java.lang.Thread.State: TIMED_WAITING (on object monitor)
	at java.lang.Object.wait(Native Method)
	at org.apache.hadoop.ipc.Client$Connection.waitForWork(Client.java:933)
	- locked <0x00000005405e4018> (a org.apache.hadoop.ipc.Client$Connection)
	at org.apache.hadoop.ipc.Client$Connection.run(Client.java:978)

"IPC Client (807520653) connection to sparknn2.test/10.124.213.21:8020 from hdfs" #73 daemon prio=5 os_prio=0 tid=0x00007f53f41b1800 nid=0x35a078 in Object.wait() [0x00007f54f6b53000]
   java.lang.Thread.State: TIMED_WAITING (on object monitor)
	at java.lang.Object.wait(Native Method)
	at org.apache.hadoop.ipc.Client$Connection.waitForWork(Client.java:933)
	- locked <0x00000005405e41f0> (a org.apache.hadoop.ipc.Client$Connection)
	at org.apache.hadoop.ipc.Client$Connection.run(Client.java:978)

"IPC Client (1039393156) connection to sparknn2.test/10.124.213.21:8020 from hdfs" #72 daemon prio=5 os_prio=0 tid=0x00007f53ec437800 nid=0x35a077 in Object.wait() [0x00007f54fc946000]
   java.lang.Thread.State: TIMED_WAITING (on object monitor)
	at java.lang.Object.wait(Native Method)
	at org.apache.hadoop.ipc.Client$Connection.waitForWork(Client.java:933)
	- locked <0x00000005405f41a0> (a org.apache.hadoop.ipc.Client$Connection)
	at org.apache.hadoop.ipc.Client$Connection.run(Client.java:978)

"IPC Client (979455835) connection to sparknn2.test/10.124.213.21:8020 from hdfs" #71 daemon prio=5 os_prio=0 tid=0x00007f53d861e800 nid=0x35a072 in Object.wait() [0x00007f54fca47000]
   java.lang.Thread.State: TIMED_WAITING (on object monitor)
	at java.lang.Object.wait(Native Method)
	at org.apache.hadoop.ipc.Client$Connection.waitForWork(Client.java:933)
	- locked <0x00000005405af028> (a org.apache.hadoop.ipc.Client$Connection)
	at org.apache.hadoop.ipc.Client$Connection.run(Client.java:978)

"IPC Parameter Sending Thread #0" #69 daemon prio=5 os_prio=0 tid=0x00007f53ec40a000 nid=0x35a071 waiting on condition [0x00007f54f6ef7000]
   java.lang.Thread.State: TIMED_WAITING (parking)
	at sun.misc.Unsafe.park(Native Method)
	- parking to wait for  <0x0000000540613d48> (a java.util.concurrent.SynchronousQueue$TransferStack)
	at java.util.concurrent.locks.LockSupport.parkNanos(LockSupport.java:215)
	at java.util.concurrent.SynchronousQueue$TransferStack.awaitFulfill(SynchronousQueue.java:460)
	at java.util.concurrent.SynchronousQueue$TransferStack.transfer(SynchronousQueue.java:362)
	at java.util.concurrent.SynchronousQueue.poll(SynchronousQueue.java:941)
	at java.util.concurrent.ThreadPoolExecutor.getTask(ThreadPoolExecutor.java:1073)
	at java.util.concurrent.ThreadPoolExecutor.runWorker(ThreadPoolExecutor.java:1134)
	at java.util.concurrent.ThreadPoolExecutor$Worker.run(ThreadPoolExecutor.java:624)
	at java.lang.Thread.run(Thread.java:748)

"IPC Parameter Sending Thread #0" #70 daemon prio=5 os_prio=0 tid=0x00007f53e828f800 nid=0x35a070 waiting on condition [0x00007f54f6ff8000]
   java.lang.Thread.State: TIMED_WAITING (parking)
	at sun.misc.Unsafe.park(Native Method)
	- parking to wait for  <0x0000000540603d88> (a java.util.concurrent.SynchronousQueue$TransferStack)
	at java.util.concurrent.locks.LockSupport.parkNanos(LockSupport.java:215)
	at java.util.concurrent.SynchronousQueue$TransferStack.awaitFulfill(SynchronousQueue.java:460)
	at java.util.concurrent.SynchronousQueue$TransferStack.transfer(SynchronousQueue.java:362)
	at java.util.concurrent.SynchronousQueue.poll(SynchronousQueue.java:941)
	at java.util.concurrent.ThreadPoolExecutor.getTask(ThreadPoolExecutor.java:1073)
	at java.util.concurrent.ThreadPoolExecutor.runWorker(ThreadPoolExecutor.java:1134)
	at java.util.concurrent.ThreadPoolExecutor$Worker.run(ThreadPoolExecutor.java:624)
	at java.lang.Thread.run(Thread.java:748)

"IPC Parameter Sending Thread #0" #68 daemon prio=5 os_prio=0 tid=0x00007f53f41b0800 nid=0x35a06d waiting on condition [0x00007f54f72fb000]
   java.lang.Thread.State: TIMED_WAITING (parking)
	at sun.misc.Unsafe.park(Native Method)
	- parking to wait for  <0x00000005405d80e0> (a java.util.concurrent.SynchronousQueue$TransferStack)
	at java.util.concurrent.locks.LockSupport.parkNanos(LockSupport.java:215)
	at java.util.concurrent.SynchronousQueue$TransferStack.awaitFulfill(SynchronousQueue.java:460)
	at java.util.concurrent.SynchronousQueue$TransferStack.transfer(SynchronousQueue.java:362)
	at java.util.concurrent.SynchronousQueue.poll(SynchronousQueue.java:941)
	at java.util.concurrent.ThreadPoolExecutor.getTask(ThreadPoolExecutor.java:1073)
	at java.util.concurrent.ThreadPoolExecutor.runWorker(ThreadPoolExecutor.java:1134)
	at java.util.concurrent.ThreadPoolExecutor$Worker.run(ThreadPoolExecutor.java:624)
	at java.lang.Thread.run(Thread.java:748)

"IPC Parameter Sending Thread #0" #67 daemon prio=5 os_prio=0 tid=0x00007f53d861d800 nid=0x35a063 waiting on condition [0x00007f54f74fd000]
   java.lang.Thread.State: TIMED_WAITING (parking)
	at sun.misc.Unsafe.park(Native Method)
	- parking to wait for  <0x000000054062b488> (a java.util.concurrent.SynchronousQueue$TransferStack)
	at java.util.concurrent.locks.LockSupport.parkNanos(LockSupport.java:215)
	at java.util.concurrent.SynchronousQueue$TransferStack.awaitFulfill(SynchronousQueue.java:460)
	at java.util.concurrent.SynchronousQueue$TransferStack.transfer(SynchronousQueue.java:362)
	at java.util.concurrent.SynchronousQueue.poll(SynchronousQueue.java:941)
	at java.util.concurrent.ThreadPoolExecutor.getTask(ThreadPoolExecutor.java:1073)
	at java.util.concurrent.ThreadPoolExecutor.runWorker(ThreadPoolExecutor.java:1134)
	at java.util.concurrent.ThreadPoolExecutor$Worker.run(ThreadPoolExecutor.java:624)
	at java.lang.Thread.run(Thread.java:748)

"Curator-Framework-0" #58 daemon prio=5 os_prio=0 tid=0x00007f53e0030800 nid=0x35a03b waiting on condition [0x00007f54fe568000]
   java.lang.Thread.State: WAITING (parking)
	at sun.misc.Unsafe.park(Native Method)
	- parking to wait for  <0x000000054040b580> (a java.util.concurrent.locks.AbstractQueuedSynchronizer$ConditionObject)
	at java.util.concurrent.locks.LockSupport.park(LockSupport.java:175)
	at java.util.concurrent.locks.AbstractQueuedSynchronizer$ConditionObject.await(AbstractQueuedSynchronizer.java:2039)
	at java.util.concurrent.DelayQueue.take(DelayQueue.java:211)
	at java.util.concurrent.DelayQueue.take(DelayQueue.java:70)
	at org.apache.curator.framework.imps.CuratorFrameworkImpl.backgroundOperationsLoop(CuratorFrameworkImpl.java:938)
	at org.apache.curator.framework.imps.CuratorFrameworkImpl.access$300(CuratorFrameworkImpl.java:66)
	at org.apache.curator.framework.imps.CuratorFrameworkImpl$4.call(CuratorFrameworkImpl.java:346)
	at java.util.concurrent.FutureTask.run(FutureTask.java:266)
	at java.util.concurrent.ScheduledThreadPoolExecutor$ScheduledFutureTask.access$201(ScheduledThreadPoolExecutor.java:180)
	at java.util.concurrent.ScheduledThreadPoolExecutor$ScheduledFutureTask.run(ScheduledThreadPoolExecutor.java:293)
	at java.util.concurrent.ThreadPoolExecutor.runWorker(ThreadPoolExecutor.java:1149)
	at java.util.concurrent.ThreadPoolExecutor$Worker.run(ThreadPoolExecutor.java:624)
	at java.lang.Thread.run(Thread.java:748)

"Meta Master Sync-EventThread" #57 daemon prio=5 os_prio=0 tid=0x00007f53e002f000 nid=0x35a03a waiting on condition [0x00007f54fe669000]
   java.lang.Thread.State: WAITING (parking)
	at sun.misc.Unsafe.park(Native Method)
	- parking to wait for  <0x000000054040fb80> (a java.util.concurrent.locks.AbstractQueuedSynchronizer$ConditionObject)
	at java.util.concurrent.locks.LockSupport.park(LockSupport.java:175)
	at java.util.concurrent.locks.AbstractQueuedSynchronizer$ConditionObject.await(AbstractQueuedSynchronizer.java:2039)
	at java.util.concurrent.LinkedBlockingQueue.take(LinkedBlockingQueue.java:442)
	at org.apache.zookeeper.ClientCnxn$EventThread.run(ClientCnxn.java:506)

"Meta Master Sync-SendThread(sparkzk1:2181)" #56 daemon prio=5 os_prio=0 tid=0x00007f53e002d000 nid=0x35a039 runnable [0x00007f54fe76a000]
   java.lang.Thread.State: RUNNABLE
	at sun.nio.ch.EPollArrayWrapper.epollWait(Native Method)
	at sun.nio.ch.EPollArrayWrapper.poll(EPollArrayWrapper.java:269)
	at sun.nio.ch.EPollSelectorImpl.doSelect(EPollSelectorImpl.java:93)
	at sun.nio.ch.SelectorImpl.lockAndDoSelect(SelectorImpl.java:86)
	- locked <0x00000005403d4268> (a sun.nio.ch.Util$3)
	- locked <0x00000005403d4278> (a java.util.Collections$UnmodifiableSet)
	- locked <0x00000005403d4220> (a sun.nio.ch.EPollSelectorImpl)
	at sun.nio.ch.SelectorImpl.select(SelectorImpl.java:97)
	at org.apache.zookeeper.ClientCnxnSocketNIO.doTransport(ClientCnxnSocketNIO.java:345)
	at org.apache.zookeeper.ClientCnxn$SendThread.run(ClientCnxn.java:1223)

"Curator-ConnectionStateManager-0" #55 daemon prio=5 os_prio=0 tid=0x00007f53e0012800 nid=0x35a038 waiting on condition [0x00007f54fe86b000]
   java.lang.Thread.State: TIMED_WAITING (parking)
	at sun.misc.Unsafe.park(Native Method)
	- parking to wait for  <0x00000005403c5410> (a java.util.concurrent.locks.AbstractQueuedSynchronizer$ConditionObject)
	at java.util.concurrent.locks.LockSupport.parkNanos(LockSupport.java:215)
	at java.util.concurrent.locks.AbstractQueuedSynchronizer$ConditionObject.awaitNanos(AbstractQueuedSynchronizer.java:2078)
	at java.util.concurrent.ArrayBlockingQueue.poll(ArrayBlockingQueue.java:418)
	at org.apache.curator.framework.state.ConnectionStateManager.processEvents(ConnectionStateManager.java:272)
	at org.apache.curator.framework.state.ConnectionStateManager.access$000(ConnectionStateManager.java:44)
	at org.apache.curator.framework.state.ConnectionStateManager$1.call(ConnectionStateManager.java:133)
	at java.util.concurrent.FutureTask.run(FutureTask.java:266)
	at java.util.concurrent.ThreadPoolExecutor.runWorker(ThreadPoolExecutor.java:1149)
	at java.util.concurrent.ThreadPoolExecutor$Worker.run(ThreadPoolExecutor.java:624)
	at java.lang.Thread.run(Thread.java:748)

"org.apache.hadoop.fs.FileSystem$Statistics$StatisticsDataReferenceCleaner" #53 daemon prio=5 os_prio=0 tid=0x00007f53e80c6000 nid=0x35a037 in Object.wait() [0x00007f54fe96c000]
   java.lang.Thread.State: WAITING (on object monitor)
	at java.lang.Object.wait(Native Method)
	- waiting on <0x00000005403c39f8> (a java.lang.ref.ReferenceQueue$Lock)
	at java.lang.ref.ReferenceQueue.remove(ReferenceQueue.java:144)
	- locked <0x00000005403c39f8> (a java.lang.ref.ReferenceQueue$Lock)
	at java.lang.ref.ReferenceQueue.remove(ReferenceQueue.java:165)
	at org.apache.hadoop.fs.FileSystem$Statistics$StatisticsDataReferenceCleaner.run(FileSystem.java:3063)
	at java.lang.Thread.run(Thread.java:748)

"org.apache.hadoop.fs.FileSystem$Statistics$StatisticsDataReferenceCleaner" #54 daemon prio=5 os_prio=0 tid=0x00007f53d831f800 nid=0x35a036 in Object.wait() [0x00007f54fea6d000]
   java.lang.Thread.State: WAITING (on object monitor)
	at java.lang.Object.wait(Native Method)
	- waiting on <0x0000000540416fd0> (a java.lang.ref.ReferenceQueue$Lock)
	at java.lang.ref.ReferenceQueue.remove(ReferenceQueue.java:144)
	- locked <0x0000000540416fd0> (a java.lang.ref.ReferenceQueue$Lock)
	at java.lang.ref.ReferenceQueue.remove(ReferenceQueue.java:165)
	at org.apache.hadoop.fs.FileSystem$Statistics$StatisticsDataReferenceCleaner.run(FileSystem.java:3063)
	at java.lang.Thread.run(Thread.java:748)

"org.apache.hadoop.fs.FileSystem$Statistics$StatisticsDataReferenceCleaner" #52 daemon prio=5 os_prio=0 tid=0x00007f53ec34c800 nid=0x35a035 in Object.wait() [0x00007f54ffb70000]
   java.lang.Thread.State: WAITING (on object monitor)
	at java.lang.Object.wait(Native Method)
	- waiting on <0x0000000540410008> (a java.lang.ref.ReferenceQueue$Lock)
	at java.lang.ref.ReferenceQueue.remove(ReferenceQueue.java:144)
	- locked <0x0000000540410008> (a java.lang.ref.ReferenceQueue$Lock)
	at java.lang.ref.ReferenceQueue.remove(ReferenceQueue.java:165)
	at org.apache.hadoop.fs.FileSystem$Statistics$StatisticsDataReferenceCleaner.run(FileSystem.java:3063)
	at java.lang.Thread.run(Thread.java:748)

"org.apache.hadoop.fs.FileSystem$Statistics$StatisticsDataReferenceCleaner" #51 daemon prio=5 os_prio=0 tid=0x00007f53f400e000 nid=0x35a034 in Object.wait() [0x00007f5508753000]
   java.lang.Thread.State: WAITING (on object monitor)
	at java.lang.Object.wait(Native Method)
	- waiting on <0x000000054040b8d8> (a java.lang.ref.ReferenceQueue$Lock)
	at java.lang.ref.ReferenceQueue.remove(ReferenceQueue.java:144)
	- locked <0x000000054040b8d8> (a java.lang.ref.ReferenceQueue$Lock)
	at java.lang.ref.ReferenceQueue.remove(ReferenceQueue.java:165)
	at org.apache.hadoop.fs.FileSystem$Statistics$StatisticsDataReferenceCleaner.run(FileSystem.java:3063)
	at java.lang.Thread.run(Thread.java:748)

"Meta Master Sync" #50 daemon prio=5 os_prio=0 tid=0x00007f553c548000 nid=0x35a033 waiting on condition [0x00007f5508854000]
   java.lang.Thread.State: TIMED_WAITING (sleeping)
	at java.lang.Thread.sleep(Native Method)
	at alluxio.time.ThreadSleeper.sleep(ThreadSleeper.java:26)
	at alluxio.heartbeat.SleepingTimer.tick(SleepingTimer.java:81)
	at alluxio.heartbeat.HeartbeatThread.run(HeartbeatThread.java:73)
	at java.util.concurrent.Executors$RunnableAdapter.call(Executors.java:511)
	at java.util.concurrent.FutureTask.run(FutureTask.java:266)
	at java.util.concurrent.ThreadPoolExecutor.runWorker(ThreadPoolExecutor.java:1149)
	at java.util.concurrent.ThreadPoolExecutor$Worker.run(ThreadPoolExecutor.java:624)
	at java.lang.Thread.run(Thread.java:748)

"Curator-LeaderSelector-0" #49 daemon prio=5 os_prio=0 tid=0x00007f553c53a000 nid=0x35a032 in Object.wait() [0x00007f5508551000]
   java.lang.Thread.State: WAITING (on object monitor)
	at java.lang.Object.wait(Native Method)
	at java.lang.Object.wait(Object.java:502)
	at org.apache.curator.framework.recipes.locks.LockInternals.internalLockLoop(LockInternals.java:316)
	- locked <0x0000000540081250> (a org.apache.curator.framework.recipes.locks.LockInternals)
	at org.apache.curator.framework.recipes.locks.LockInternals.attemptLock(LockInternals.java:226)
	at org.apache.curator.framework.recipes.locks.InterProcessMutex.internalLock(InterProcessMutex.java:237)
	at org.apache.curator.framework.recipes.locks.InterProcessMutex.acquire(InterProcessMutex.java:89)
	at org.apache.curator.framework.recipes.leader.LeaderSelector.doWork(LeaderSelector.java:412)
	at org.apache.curator.framework.recipes.leader.LeaderSelector.doWorkLoop(LeaderSelector.java:483)
	at org.apache.curator.framework.recipes.leader.LeaderSelector.access$100(LeaderSelector.java:66)
	at org.apache.curator.framework.recipes.leader.LeaderSelector$2.call(LeaderSelector.java:247)
	at org.apache.curator.framework.recipes.leader.LeaderSelector$2.call(LeaderSelector.java:241)
	at java.util.concurrent.FutureTask.run(FutureTask.java:266)
	at java.util.concurrent.Executors$RunnableAdapter.call(Executors.java:511)
	at java.util.concurrent.FutureTask.run(FutureTask.java:266)
	at java.util.concurrent.ThreadPoolExecutor.runWorker(ThreadPoolExecutor.java:1149)
	at java.util.concurrent.ThreadPoolExecutor$Worker.run(ThreadPoolExecutor.java:624)
	at java.lang.Thread.run(Thread.java:748)

"Thread-10" #48 prio=5 os_prio=0 tid=0x00007f553c53f800 nid=0x35a031 waiting on condition [0x00007f5508652000]
   java.lang.Thread.State: TIMED_WAITING (sleeping)
	at java.lang.Thread.sleep(Native Method)
	at alluxio.util.CommonUtils.sleepMs(CommonUtils.java:189)
	at alluxio.master.journal.ufs.UfsJournalCheckpointThread.runInternal(UfsJournalCheckpointThread.java:192)
	at alluxio.master.journal.ufs.UfsJournalCheckpointThread.run(UfsJournalCheckpointThread.java:124)

"Thread-9" #47 prio=5 os_prio=0 tid=0x00007f553c536800 nid=0x35a030 waiting on condition [0x00007f5508a56000]
   java.lang.Thread.State: TIMED_WAITING (sleeping)
	at java.lang.Thread.sleep(Native Method)
	at alluxio.util.CommonUtils.sleepMs(CommonUtils.java:189)
	at alluxio.master.journal.ufs.UfsJournalCheckpointThread.runInternal(UfsJournalCheckpointThread.java:192)
	at alluxio.master.journal.ufs.UfsJournalCheckpointThread.run(UfsJournalCheckpointThread.java:124)

"Thread-8" #46 prio=5 os_prio=0 tid=0x00007f553c53d800 nid=0x35a02f waiting on condition [0x00007f5508955000]
   java.lang.Thread.State: TIMED_WAITING (sleeping)
	at java.lang.Thread.sleep(Native Method)
	at alluxio.util.CommonUtils.sleepMs(CommonUtils.java:189)
	at alluxio.master.journal.ufs.UfsJournalCheckpointThread.runInternal(UfsJournalCheckpointThread.java:192)
	at alluxio.master.journal.ufs.UfsJournalCheckpointThread.run(UfsJournalCheckpointThread.java:124)

"Thread-7" #45 prio=5 os_prio=0 tid=0x00007f553c51f800 nid=0x35a02e waiting on condition [0x00007f5508b57000]
   java.lang.Thread.State: TIMED_WAITING (sleeping)
	at java.lang.Thread.sleep(Native Method)
	at alluxio.util.CommonUtils.sleepMs(CommonUtils.java:189)
	at alluxio.master.journal.ufs.UfsJournalCheckpointThread.runInternal(UfsJournalCheckpointThread.java:192)
	at alluxio.master.journal.ufs.UfsJournalCheckpointThread.run(UfsJournalCheckpointThread.java:124)

"Curator-Framework-0" #29 daemon prio=5 os_prio=0 tid=0x00007f553c387000 nid=0x359fe1 waiting on condition [0x00007f55096ac000]
   java.lang.Thread.State: WAITING (parking)
	at sun.misc.Unsafe.park(Native Method)
	- parking to wait for  <0x000000054004bfb0> (a java.util.concurrent.locks.AbstractQueuedSynchronizer$ConditionObject)
	at java.util.concurrent.locks.LockSupport.park(LockSupport.java:175)
	at java.util.concurrent.locks.AbstractQueuedSynchronizer$ConditionObject.await(AbstractQueuedSynchronizer.java:2039)
	at java.util.concurrent.DelayQueue.take(DelayQueue.java:211)
	at java.util.concurrent.DelayQueue.take(DelayQueue.java:70)
	at org.apache.curator.framework.imps.CuratorFrameworkImpl.backgroundOperationsLoop(CuratorFrameworkImpl.java:938)
	at org.apache.curator.framework.imps.CuratorFrameworkImpl.access$300(CuratorFrameworkImpl.java:66)
	at org.apache.curator.framework.imps.CuratorFrameworkImpl$4.call(CuratorFrameworkImpl.java:346)
	at java.util.concurrent.FutureTask.run(FutureTask.java:266)
	at java.util.concurrent.ScheduledThreadPoolExecutor$ScheduledFutureTask.access$201(ScheduledThreadPoolExecutor.java:180)
	at java.util.concurrent.ScheduledThreadPoolExecutor$ScheduledFutureTask.run(ScheduledThreadPoolExecutor.java:293)
	at java.util.concurrent.ThreadPoolExecutor.runWorker(ThreadPoolExecutor.java:1149)
	at java.util.concurrent.ThreadPoolExecutor$Worker.run(ThreadPoolExecutor.java:624)
	at java.lang.Thread.run(Thread.java:748)

"main-EventThread" #28 daemon prio=5 os_prio=0 tid=0x00007f553c377000 nid=0x359fe0 waiting on condition [0x00007f5509bc1000]
   java.lang.Thread.State: WAITING (parking)
	at sun.misc.Unsafe.park(Native Method)
	- parking to wait for  <0x0000000540053ea8> (a java.util.concurrent.locks.AbstractQueuedSynchronizer$ConditionObject)
	at java.util.concurrent.locks.LockSupport.park(LockSupport.java:175)
	at java.util.concurrent.locks.AbstractQueuedSynchronizer$ConditionObject.await(AbstractQueuedSynchronizer.java:2039)
	at java.util.concurrent.LinkedBlockingQueue.take(LinkedBlockingQueue.java:442)
	at org.apache.zookeeper.ClientCnxn$EventThread.run(ClientCnxn.java:506)

"main-SendThread(sparkzk2:2181)" #27 daemon prio=5 os_prio=0 tid=0x00007f553c370000 nid=0x359fdf runnable [0x00007f55098ae000]
   java.lang.Thread.State: RUNNABLE
	at sun.nio.ch.EPollArrayWrapper.epollWait(Native Method)
	at sun.nio.ch.EPollArrayWrapper.poll(EPollArrayWrapper.java:269)
	at sun.nio.ch.EPollSelectorImpl.doSelect(EPollSelectorImpl.java:93)
	at sun.nio.ch.SelectorImpl.lockAndDoSelect(SelectorImpl.java:86)
	- locked <0x000000054005b8c8> (a sun.nio.ch.Util$3)
	- locked <0x000000054005b8d8> (a java.util.Collections$UnmodifiableSet)
	- locked <0x000000054005b880> (a sun.nio.ch.EPollSelectorImpl)
	at sun.nio.ch.SelectorImpl.select(SelectorImpl.java:97)
	at org.apache.zookeeper.ClientCnxnSocketNIO.doTransport(ClientCnxnSocketNIO.java:345)
	at org.apache.zookeeper.ClientCnxn$SendThread.run(ClientCnxn.java:1223)

"Curator-ConnectionStateManager-0" #26 daemon prio=5 os_prio=0 tid=0x00007f553c36e800 nid=0x359fde waiting on condition [0x00007f55097ad000]
   java.lang.Thread.State: TIMED_WAITING (parking)
	at sun.misc.Unsafe.park(Native Method)
	- parking to wait for  <0x0000000540063398> (a java.util.concurrent.locks.AbstractQueuedSynchronizer$ConditionObject)
	at java.util.concurrent.locks.LockSupport.parkNanos(LockSupport.java:215)
	at java.util.concurrent.locks.AbstractQueuedSynchronizer$ConditionObject.awaitNanos(AbstractQueuedSynchronizer.java:2078)
	at java.util.concurrent.ArrayBlockingQueue.poll(ArrayBlockingQueue.java:418)
	at org.apache.curator.framework.state.ConnectionStateManager.processEvents(ConnectionStateManager.java:272)
	at org.apache.curator.framework.state.ConnectionStateManager.access$000(ConnectionStateManager.java:44)
	at org.apache.curator.framework.state.ConnectionStateManager$1.call(ConnectionStateManager.java:133)
	at java.util.concurrent.FutureTask.run(FutureTask.java:266)
	at java.util.concurrent.ThreadPoolExecutor.runWorker(ThreadPoolExecutor.java:1149)
	at java.util.concurrent.ThreadPoolExecutor$Worker.run(ThreadPoolExecutor.java:624)
	at java.lang.Thread.run(Thread.java:748)

"Service Thread" #20 daemon prio=9 os_prio=0 tid=0x00007f553c117000 nid=0x359fd8 runnable [0x0000000000000000]
   java.lang.Thread.State: RUNNABLE

"C1 CompilerThread14" #19 daemon prio=9 os_prio=0 tid=0x00007f553c113800 nid=0x359fd7 waiting on condition [0x0000000000000000]
   java.lang.Thread.State: RUNNABLE

"C1 CompilerThread13" #18 daemon prio=9 os_prio=0 tid=0x00007f553c111800 nid=0x359fd6 waiting on condition [0x0000000000000000]
   java.lang.Thread.State: RUNNABLE

"C1 CompilerThread12" #17 daemon prio=9 os_prio=0 tid=0x00007f553c10f000 nid=0x359fd5 waiting on condition [0x0000000000000000]
   java.lang.Thread.State: RUNNABLE

"C1 CompilerThread11" #16 daemon prio=9 os_prio=0 tid=0x00007f553c10d000 nid=0x359fd4 waiting on condition [0x0000000000000000]
   java.lang.Thread.State: RUNNABLE

"C1 CompilerThread10" #15 daemon prio=9 os_prio=0 tid=0x00007f553c10b000 nid=0x359fd3 waiting on condition [0x0000000000000000]
   java.lang.Thread.State: RUNNABLE

"C2 CompilerThread9" #14 daemon prio=9 os_prio=0 tid=0x00007f553c109000 nid=0x359fd2 waiting on condition [0x0000000000000000]
   java.lang.Thread.State: RUNNABLE

"C2 CompilerThread8" #13 daemon prio=9 os_prio=0 tid=0x00007f553c106800 nid=0x359fd1 waiting on condition [0x0000000000000000]
   java.lang.Thread.State: RUNNABLE

"C2 CompilerThread7" #12 daemon prio=9 os_prio=0 tid=0x00007f553c104800 nid=0x359fd0 waiting on condition [0x0000000000000000]
   java.lang.Thread.State: RUNNABLE

"C2 CompilerThread6" #11 daemon prio=9 os_prio=0 tid=0x00007f553c102000 nid=0x359fcf waiting on condition [0x0000000000000000]
   java.lang.Thread.State: RUNNABLE

"C2 CompilerThread5" #10 daemon prio=9 os_prio=0 tid=0x00007f553c100000 nid=0x359fce waiting on condition [0x0000000000000000]
   java.lang.Thread.State: RUNNABLE

"C2 CompilerThread4" #9 daemon prio=9 os_prio=0 tid=0x00007f553c0f6000 nid=0x359fcd waiting on condition [0x0000000000000000]
   java.lang.Thread.State: RUNNABLE

"C2 CompilerThread3" #8 daemon prio=9 os_prio=0 tid=0x00007f553c0f3800 nid=0x359fcc waiting on condition [0x0000000000000000]
   java.lang.Thread.State: RUNNABLE

"C2 CompilerThread2" #7 daemon prio=9 os_prio=0 tid=0x00007f553c0f1800 nid=0x359fcb waiting on condition [0x0000000000000000]
   java.lang.Thread.State: RUNNABLE

"C2 CompilerThread1" #6 daemon prio=9 os_prio=0 tid=0x00007f553c0ef800 nid=0x359fca waiting on condition [0x0000000000000000]
   java.lang.Thread.State: RUNNABLE

"C2 CompilerThread0" #5 daemon prio=9 os_prio=0 tid=0x00007f553c0ec800 nid=0x359fc9 waiting on condition [0x0000000000000000]
   java.lang.Thread.State: RUNNABLE

"Signal Dispatcher" #4 daemon prio=9 os_prio=0 tid=0x00007f553c0eb000 nid=0x359fc8 runnable [0x0000000000000000]
   java.lang.Thread.State: RUNNABLE

"Finalizer" #3 daemon prio=8 os_prio=0 tid=0x00007f553c0b8000 nid=0x359fc7 in Object.wait() [0x00007f550baf9000]
   java.lang.Thread.State: WAITING (on object monitor)
	at java.lang.Object.wait(Native Method)
	at java.lang.ref.ReferenceQueue.remove(ReferenceQueue.java:144)
	- locked <0x000000054006b3a8> (a java.lang.ref.ReferenceQueue$Lock)
	at java.lang.ref.ReferenceQueue.remove(ReferenceQueue.java:165)
	at java.lang.ref.Finalizer$FinalizerThread.run(Finalizer.java:216)

"Reference Handler" #2 daemon prio=10 os_prio=0 tid=0x00007f553c0b5800 nid=0x359fc6 in Object.wait() [0x00007f550bbfa000]
   java.lang.Thread.State: WAITING (on object monitor)
	at java.lang.Object.wait(Native Method)
	at java.lang.Object.wait(Object.java:502)
	at java.lang.ref.Reference.tryHandlePending(Reference.java:191)
	- locked <0x0000000540071b40> (a java.lang.ref.Reference$Lock)
	at java.lang.ref.Reference$ReferenceHandler.run(Reference.java:153)

"main" #1 prio=5 os_prio=0 tid=0x00007f553c00a800 nid=0x359fa8 waiting on condition [0x00007f554535d000]
   java.lang.Thread.State: WAITING (parking)
	at sun.misc.Unsafe.park(Native Method)
	- parking to wait for  <0x0000000540080d60> (a java.util.concurrent.locks.AbstractQueuedSynchronizer$ConditionObject)
	at java.util.concurrent.locks.LockSupport.park(LockSupport.java:175)
	at java.util.concurrent.locks.AbstractQueuedSynchronizer$ConditionObject.await(AbstractQueuedSynchronizer.java:2039)
	at alluxio.master.AbstractPrimarySelector.waitForState(AbstractPrimarySelector.java:88)
	at alluxio.master.FaultTolerantAlluxioMasterProcess.start(FaultTolerantAlluxioMasterProcess.java:77)
	at alluxio.ProcessUtils.run(ProcessUtils.java:32)
	at alluxio.master.AlluxioMaster.main(AlluxioMaster.java:55)

"VM Thread" os_prio=0 tid=0x00007f553c0ab800 nid=0x359fc5 runnable 

"GC task thread#0 (ParallelGC)" os_prio=0 tid=0x00007f553c020000 nid=0x359fa9 runnable 

"GC task thread#1 (ParallelGC)" os_prio=0 tid=0x00007f553c022000 nid=0x359faa runnable 

"GC task thread#2 (ParallelGC)" os_prio=0 tid=0x00007f553c023800 nid=0x359fab runnable 

"GC task thread#3 (ParallelGC)" os_prio=0 tid=0x00007f553c025800 nid=0x359fac runnable 

"GC task thread#4 (ParallelGC)" os_prio=0 tid=0x00007f553c027800 nid=0x359fad runnable 

"GC task thread#5 (ParallelGC)" os_prio=0 tid=0x00007f553c029000 nid=0x359fae runnable 

"GC task thread#6 (ParallelGC)" os_prio=0 tid=0x00007f553c02b000 nid=0x359faf runnable 

"GC task thread#7 (ParallelGC)" os_prio=0 tid=0x00007f553c02d000 nid=0x359fb0 runnable 

"GC task thread#8 (ParallelGC)" os_prio=0 tid=0x00007f553c02e800 nid=0x359fb1 runnable 

"GC task thread#9 (ParallelGC)" os_prio=0 tid=0x00007f553c030800 nid=0x359fb2 runnable 

"GC task thread#10 (ParallelGC)" os_prio=0 tid=0x00007f553c032000 nid=0x359fb3 runnable 

"GC task thread#11 (ParallelGC)" os_prio=0 tid=0x00007f553c034000 nid=0x359fb4 runnable 

"GC task thread#12 (ParallelGC)" os_prio=0 tid=0x00007f553c036000 nid=0x359fb5 runnable 

"GC task thread#13 (ParallelGC)" os_prio=0 tid=0x00007f553c037800 nid=0x359fb6 runnable 

"GC task thread#14 (ParallelGC)" os_prio=0 tid=0x00007f553c039800 nid=0x359fb7 runnable 

"GC task thread#15 (ParallelGC)" os_prio=0 tid=0x00007f553c03b800 nid=0x359fb8 runnable 

"GC task thread#16 (ParallelGC)" os_prio=0 tid=0x00007f553c03d000 nid=0x359fb9 runnable 

"GC task thread#17 (ParallelGC)" os_prio=0 tid=0x00007f553c03f000 nid=0x359fba runnable 

"GC task thread#18 (ParallelGC)" os_prio=0 tid=0x00007f553c041000 nid=0x359fbb runnable 

"GC task thread#19 (ParallelGC)" os_prio=0 tid=0x00007f553c042800 nid=0x359fbc runnable 

"GC task thread#20 (ParallelGC)" os_prio=0 tid=0x00007f553c044800 nid=0x359fbd runnable 

"GC task thread#21 (ParallelGC)" os_prio=0 tid=0x00007f553c046800 nid=0x359fbe runnable 

"GC task thread#22 (ParallelGC)" os_prio=0 tid=0x00007f553c048000 nid=0x359fbf runnable 

"GC task thread#23 (ParallelGC)" os_prio=0 tid=0x00007f553c04a000 nid=0x359fc0 runnable 

"GC task thread#24 (ParallelGC)" os_prio=0 tid=0x00007f553c04b800 nid=0x359fc1 runnable 

"GC task thread#25 (ParallelGC)" os_prio=0 tid=0x00007f553c04d800 nid=0x359fc2 runnable 

"GC task thread#26 (ParallelGC)" os_prio=0 tid=0x00007f553c04f800 nid=0x359fc3 runnable 

"GC task thread#27 (ParallelGC)" os_prio=0 tid=0x00007f553c051000 nid=0x359fc4 runnable 

"VM Periodic Task Thread" os_prio=0 tid=0x00007f553c119800 nid=0x359fd9 waiting on condition 

JNI global references: 360

